2026-05-22 13:44:41,558 - __main__ - WARNING - Config file not found at /home/ynt/Desktop/myanmar_sentiment/src/bot/../configs/config.yaml, using defaults
2026-05-22 13:44:41,672 - __main__ - ERROR - Fatal error: Telegram bot token not found in config or environment variables
2026-05-22 13:49:51,882 - __main__ - INFO - Configuration loaded from ../../configs/config.yml
2026-05-22 13:49:51,882 - __main__ - INFO - Connecting to database: youtube_analysis at localhost
2026-05-22 13:49:51,926 - __main__ - INFO - Telegram bot initialized successfully
2026-05-22 13:49:51,927 - __main__ - INFO - Bot token found: 7875445768...
2026-05-22 13:49:51,956 - __main__ - INFO - Starting Telegram bot...
2026-05-22 13:49:56,973 - telegram.ext - ERROR - Network Retry Loop (Bootstrap Initialize Application): Timed out: Timed out. Failed run number 0 of 0. Aborting.
Traceback (most recent call last):
  File "/home/ynt/.pyenv/versions/data_eng/lib/python3.12/site-packages/httpx/_transports/default.py", line 69, in map_httpcore_exceptions
    yield
  File "/home/ynt/.pyenv/versions/data_eng/lib/python3.12/site-packages/httpx/_transports/default.py", line 373, in handle_async_request
    resp = await self._pool.handle_async_request(req)
           ^^^^^^^^^^^^^^^^^^^^^^^^^^^^^^^^^^^^^^^^^^
  File "/home/ynt/.pyenv/versions/data_eng/lib/python3.12/site-packages/httpcore/_async/connection_pool.py", line 216, in handle_async_request
    raise exc from None
  File "/home/ynt/.pyenv/versions/data_eng/lib/python3.12/site-packages/httpcore/_async/connection_pool.py", line 196, in handle_async_request
    response = await connection.handle_async_request(
               ^^^^^^^^^^^^^^^^^^^^^^^^^^^^^^^^^^^^^^
  File "/home/ynt/.pyenv/versions/data_eng/lib/python3.12/site-packages/httpcore/_async/connection.py", line 99, in handle_async_request
    raise exc
  File "/home/ynt/.pyenv/versions/data_eng/lib/python3.12/site-packages/httpcore/_async/connection.py", line 76, in handle_async_request
    stream = await self._connect(request)
             ^^^^^^^^^^^^^^^^^^^^^^^^^^^^
  File "/home/ynt/.pyenv/versions/data_eng/lib/python3.12/site-packages/httpcore/_async/connection.py", line 122, in _connect
    stream = await self._network_backend.connect_tcp(**kwargs)
             ^^^^^^^^^^^^^^^^^^^^^^^^^^^^^^^^^^^^^^^^^^^^^^^^^
  File "/home/ynt/.pyenv/versions/data_eng/lib/python3.12/site-packages/httpcore/_backends/auto.py", line 30, in connect_tcp
    return await self._backend.connect_tcp(
           ^^^^^^^^^^^^^^^^^^^^^^^^^^^^^^^^
  File "/home/ynt/.pyenv/versions/data_eng/lib/python3.12/site-packages/httpcore/_backends/anyio.py", line 115, in connect_tcp
    with map_exceptions(exc_map):
         ^^^^^^^^^^^^^^^^^^^^^^^
  File "/home/ynt/.pyenv/versions/3.12.12/lib/python3.12/contextlib.py", line 158, in __exit__
    self.gen.throw(value)
  File "/home/ynt/.pyenv/versions/data_eng/lib/python3.12/site-packages/httpcore/_exceptions.py", line 14, in map_exceptions
    raise to_exc(exc) from exc
httpcore.ConnectTimeout

The above exception was the direct cause of the following exception:

Traceback (most recent call last):
  File "/home/ynt/.pyenv/versions/data_eng/lib/python3.12/site-packages/telegram/request/_httpxrequest.py", line 279, in do_request
    res = await self._client.request(
          ^^^^^^^^^^^^^^^^^^^^^^^^^^^
  File "/home/ynt/.pyenv/versions/data_eng/lib/python3.12/site-packages/httpx/_client.py", line 1574, in request
    return await self.send(request, auth=auth, follow_redirects=follow_redirects)
           ^^^^^^^^^^^^^^^^^^^^^^^^^^^^^^^^^^^^^^^^^^^^^^^^^^^^^^^^^^^^^^^^^^^^^^
  File "/home/ynt/.pyenv/versions/data_eng/lib/python3.12/site-packages/httpx/_client.py", line 1661, in send
    response = await self._send_handling_auth(
               ^^^^^^^^^^^^^^^^^^^^^^^^^^^^^^^
  File "/home/ynt/.pyenv/versions/data_eng/lib/python3.12/site-packages/httpx/_client.py", line 1689, in _send_handling_auth
    response = await self._send_handling_redirects(
               ^^^^^^^^^^^^^^^^^^^^^^^^^^^^^^^^^^^^
  File "/home/ynt/.pyenv/versions/data_eng/lib/python3.12/site-packages/httpx/_client.py", line 1726, in _send_handling_redirects
    response = await self._send_single_request(request)
               ^^^^^^^^^^^^^^^^^^^^^^^^^^^^^^^^^^^^^^^^
  File "/home/ynt/.pyenv/versions/data_eng/lib/python3.12/site-packages/httpx/_client.py", line 1763, in _send_single_request
    response = await transport.handle_async_request(request)
               ^^^^^^^^^^^^^^^^^^^^^^^^^^^^^^^^^^^^^^^^^^^^^
  File "/home/ynt/.pyenv/versions/data_eng/lib/python3.12/site-packages/httpx/_transports/default.py", line 372, in handle_async_request
    with map_httpcore_exceptions():
         ^^^^^^^^^^^^^^^^^^^^^^^^^
  File "/home/ynt/.pyenv/versions/3.12.12/lib/python3.12/contextlib.py", line 158, in __exit__
    self.gen.throw(value)
  File "/home/ynt/.pyenv/versions/data_eng/lib/python3.12/site-packages/httpx/_transports/default.py", line 86, in map_httpcore_exceptions
    raise mapped_exc(message) from exc
httpx.ConnectTimeout

The above exception was the direct cause of the following exception:

Traceback (most recent call last):
  File "/home/ynt/.pyenv/versions/data_eng/lib/python3.12/site-packages/telegram/ext/_utils/networkloop.py", line 161, in network_retry_loop
    await do_action()
  File "/home/ynt/.pyenv/versions/data_eng/lib/python3.12/site-packages/telegram/ext/_utils/networkloop.py", line 136, in do_action
    await action_cb()
  File "/home/ynt/.pyenv/versions/data_eng/lib/python3.12/site-packages/telegram/ext/_application.py", line 489, in initialize
    await self.bot.initialize()
  File "/home/ynt/.pyenv/versions/data_eng/lib/python3.12/site-packages/telegram/ext/_extbot.py", line 316, in initialize
    await super().initialize()
  File "/home/ynt/.pyenv/versions/data_eng/lib/python3.12/site-packages/telegram/_bot.py", line 857, in initialize
    await self.get_me()
  File "/home/ynt/.pyenv/versions/data_eng/lib/python3.12/site-packages/telegram/ext/_extbot.py", line 2008, in get_me
    return await super().get_me(
           ^^^^^^^^^^^^^^^^^^^^^
  File "/home/ynt/.pyenv/versions/data_eng/lib/python3.12/site-packages/telegram/_bot.py", line 990, in get_me
    result = await self._post(
             ^^^^^^^^^^^^^^^^^
  File "/home/ynt/.pyenv/versions/data_eng/lib/python3.12/site-packages/telegram/_bot.py", line 704, in _post
    return await self._do_post(
           ^^^^^^^^^^^^^^^^^^^^
  File "/home/ynt/.pyenv/versions/data_eng/lib/python3.12/site-packages/telegram/ext/_extbot.py", line 370, in _do_post
    return await super()._do_post(
           ^^^^^^^^^^^^^^^^^^^^^^^
  File "/home/ynt/.pyenv/versions/data_eng/lib/python3.12/site-packages/telegram/_bot.py", line 733, in _do_post
    result = await request.post(
             ^^^^^^^^^^^^^^^^^^^
  File "/home/ynt/.pyenv/versions/data_eng/lib/python3.12/site-packages/telegram/request/_baserequest.py", line 198, in post
    result = await self._request_wrapper(
             ^^^^^^^^^^^^^^^^^^^^^^^^^^^^
  File "/home/ynt/.pyenv/versions/data_eng/lib/python3.12/site-packages/telegram/request/_baserequest.py", line 305, in _request_wrapper
    code, payload = await self.do_request(
                    ^^^^^^^^^^^^^^^^^^^^^^
  File "/home/ynt/.pyenv/versions/data_eng/lib/python3.12/site-packages/telegram/request/_httpxrequest.py", line 296, in do_request
    raise TimedOut from err
telegram.error.TimedOut: Timed out
2026-05-22 13:49:57,015 - __main__ - ERROR - Fatal error: Timed out
2026-05-22 13:52:20,075 - __main__ - INFO - Configuration loaded from ../../configs/config.yml
2026-05-22 13:52:20,075 - __main__ - INFO - Connecting to database: youtube_analysis at localhost
2026-05-22 13:52:20,122 - __main__ - INFO - Telegram bot initialized successfully
2026-05-22 13:52:20,122 - __main__ - INFO - Bot token found: 7875445768...
2026-05-22 13:52:20,154 - __main__ - INFO - Starting Telegram bot...
2026-05-22 13:52:25,167 - telegram.ext - ERROR - Network Retry Loop (Bootstrap Initialize Application): Timed out: Timed out. Failed run number 0 of 0. Aborting.
Traceback (most recent call last):
  File "/home/ynt/.pyenv/versions/data_eng/lib/python3.12/site-packages/httpx/_transports/default.py", line 69, in map_httpcore_exceptions
    yield
  File "/home/ynt/.pyenv/versions/data_eng/lib/python3.12/site-packages/httpx/_transports/default.py", line 373, in handle_async_request
    resp = await self._pool.handle_async_request(req)
           ^^^^^^^^^^^^^^^^^^^^^^^^^^^^^^^^^^^^^^^^^^
  File "/home/ynt/.pyenv/versions/data_eng/lib/python3.12/site-packages/httpcore/_async/connection_pool.py", line 216, in handle_async_request
    raise exc from None
  File "/home/ynt/.pyenv/versions/data_eng/lib/python3.12/site-packages/httpcore/_async/connection_pool.py", line 196, in handle_async_request
    response = await connection.handle_async_request(
               ^^^^^^^^^^^^^^^^^^^^^^^^^^^^^^^^^^^^^^
  File "/home/ynt/.pyenv/versions/data_eng/lib/python3.12/site-packages/httpcore/_async/connection.py", line 99, in handle_async_request
    raise exc
  File "/home/ynt/.pyenv/versions/data_eng/lib/python3.12/site-packages/httpcore/_async/connection.py", line 76, in handle_async_request
    stream = await self._connect(request)
             ^^^^^^^^^^^^^^^^^^^^^^^^^^^^
  File "/home/ynt/.pyenv/versions/data_eng/lib/python3.12/site-packages/httpcore/_async/connection.py", line 122, in _connect
    stream = await self._network_backend.connect_tcp(**kwargs)
             ^^^^^^^^^^^^^^^^^^^^^^^^^^^^^^^^^^^^^^^^^^^^^^^^^
  File "/home/ynt/.pyenv/versions/data_eng/lib/python3.12/site-packages/httpcore/_backends/auto.py", line 30, in connect_tcp
    return await self._backend.connect_tcp(
           ^^^^^^^^^^^^^^^^^^^^^^^^^^^^^^^^
  File "/home/ynt/.pyenv/versions/data_eng/lib/python3.12/site-packages/httpcore/_backends/anyio.py", line 115, in connect_tcp
    with map_exceptions(exc_map):
         ^^^^^^^^^^^^^^^^^^^^^^^
  File "/home/ynt/.pyenv/versions/3.12.12/lib/python3.12/contextlib.py", line 158, in __exit__
    self.gen.throw(value)
  File "/home/ynt/.pyenv/versions/data_eng/lib/python3.12/site-packages/httpcore/_exceptions.py", line 14, in map_exceptions
    raise to_exc(exc) from exc
httpcore.ConnectTimeout

The above exception was the direct cause of the following exception:

Traceback (most recent call last):
  File "/home/ynt/.pyenv/versions/data_eng/lib/python3.12/site-packages/telegram/request/_httpxrequest.py", line 279, in do_request
    res = await self._client.request(
          ^^^^^^^^^^^^^^^^^^^^^^^^^^^
  File "/home/ynt/.pyenv/versions/data_eng/lib/python3.12/site-packages/httpx/_client.py", line 1574, in request
    return await self.send(request, auth=auth, follow_redirects=follow_redirects)
           ^^^^^^^^^^^^^^^^^^^^^^^^^^^^^^^^^^^^^^^^^^^^^^^^^^^^^^^^^^^^^^^^^^^^^^
  File "/home/ynt/.pyenv/versions/data_eng/lib/python3.12/site-packages/httpx/_client.py", line 1661, in send
    response = await self._send_handling_auth(
               ^^^^^^^^^^^^^^^^^^^^^^^^^^^^^^^
  File "/home/ynt/.pyenv/versions/data_eng/lib/python3.12/site-packages/httpx/_client.py", line 1689, in _send_handling_auth
    response = await self._send_handling_redirects(
               ^^^^^^^^^^^^^^^^^^^^^^^^^^^^^^^^^^^^
  File "/home/ynt/.pyenv/versions/data_eng/lib/python3.12/site-packages/httpx/_client.py", line 1726, in _send_handling_redirects
    response = await self._send_single_request(request)
               ^^^^^^^^^^^^^^^^^^^^^^^^^^^^^^^^^^^^^^^^
  File "/home/ynt/.pyenv/versions/data_eng/lib/python3.12/site-packages/httpx/_client.py", line 1763, in _send_single_request
    response = await transport.handle_async_request(request)
               ^^^^^^^^^^^^^^^^^^^^^^^^^^^^^^^^^^^^^^^^^^^^^
  File "/home/ynt/.pyenv/versions/data_eng/lib/python3.12/site-packages/httpx/_transports/default.py", line 372, in handle_async_request
    with map_httpcore_exceptions():
         ^^^^^^^^^^^^^^^^^^^^^^^^^
  File "/home/ynt/.pyenv/versions/3.12.12/lib/python3.12/contextlib.py", line 158, in __exit__
    self.gen.throw(value)
  File "/home/ynt/.pyenv/versions/data_eng/lib/python3.12/site-packages/httpx/_transports/default.py", line 86, in map_httpcore_exceptions
    raise mapped_exc(message) from exc
httpx.ConnectTimeout

The above exception was the direct cause of the following exception:

Traceback (most recent call last):
  File "/home/ynt/.pyenv/versions/data_eng/lib/python3.12/site-packages/telegram/ext/_utils/networkloop.py", line 161, in network_retry_loop
    await do_action()
  File "/home/ynt/.pyenv/versions/data_eng/lib/python3.12/site-packages/telegram/ext/_utils/networkloop.py", line 136, in do_action
    await action_cb()
  File "/home/ynt/.pyenv/versions/data_eng/lib/python3.12/site-packages/telegram/ext/_application.py", line 489, in initialize
    await self.bot.initialize()
  File "/home/ynt/.pyenv/versions/data_eng/lib/python3.12/site-packages/telegram/ext/_extbot.py", line 316, in initialize
    await super().initialize()
  File "/home/ynt/.pyenv/versions/data_eng/lib/python3.12/site-packages/telegram/_bot.py", line 857, in initialize
    await self.get_me()
  File "/home/ynt/.pyenv/versions/data_eng/lib/python3.12/site-packages/telegram/ext/_extbot.py", line 2008, in get_me
    return await super().get_me(
           ^^^^^^^^^^^^^^^^^^^^^
  File "/home/ynt/.pyenv/versions/data_eng/lib/python3.12/site-packages/telegram/_bot.py", line 990, in get_me
    result = await self._post(
             ^^^^^^^^^^^^^^^^^
  File "/home/ynt/.pyenv/versions/data_eng/lib/python3.12/site-packages/telegram/_bot.py", line 704, in _post
    return await self._do_post(
           ^^^^^^^^^^^^^^^^^^^^
  File "/home/ynt/.pyenv/versions/data_eng/lib/python3.12/site-packages/telegram/ext/_extbot.py", line 370, in _do_post
    return await super()._do_post(
           ^^^^^^^^^^^^^^^^^^^^^^^
  File "/home/ynt/.pyenv/versions/data_eng/lib/python3.12/site-packages/telegram/_bot.py", line 733, in _do_post
    result = await request.post(
             ^^^^^^^^^^^^^^^^^^^
  File "/home/ynt/.pyenv/versions/data_eng/lib/python3.12/site-packages/telegram/request/_baserequest.py", line 198, in post
    result = await self._request_wrapper(
             ^^^^^^^^^^^^^^^^^^^^^^^^^^^^
  File "/home/ynt/.pyenv/versions/data_eng/lib/python3.12/site-packages/telegram/request/_baserequest.py", line 305, in _request_wrapper
    code, payload = await self.do_request(
                    ^^^^^^^^^^^^^^^^^^^^^^
  File "/home/ynt/.pyenv/versions/data_eng/lib/python3.12/site-packages/telegram/request/_httpxrequest.py", line 296, in do_request
    raise TimedOut from err
telegram.error.TimedOut: Timed out
2026-05-22 13:52:25,229 - __main__ - ERROR - Fatal error: Timed out
